<?xml version="1.0" encoding="UTF-8"?>
<!-- Generated by org.testng.reporters.JUnitXMLReporter -->
<testsuite ignored="0" hostname="DESKTOP-0BC8ILQ" failures="0" tests="13" name="Default test" time="8.825" errors="0" timestamp="2022-09-28T20:35:26 IST">
  <testcase classname="com.qc.pom.test.POMTest" name="doLogin" time="0.432"/>
  <testcase classname="com.qc.pom.test.POMTest" name="doLogin" time="0.29"/>
  <testcase classname="com.qc.pom.test.POMTest" name="doLogin" time="0.324"/>
  <testcase classname="com.qc.pom.test.POMTest" name="doLogin" time="0.32"/>
  <testcase classname="com.qc.pom.test.POMTest" name="doLogin" time="0.371"/>
  <testcase classname="com.qc.pom.test.POMTest" name="doLogin" time="0.369"/>
  <testcase classname="com.qc.pom.test.POMTest" name="doLogin" time="2.221"/>
  <testcase classname="com.qc.pom.test.POMTest" name="doRegister" time="0.936"/>
  <testcase classname="com.qc.pom.test.POMTest" name="doRegister" time="0.616"/>
  <testcase classname="com.qc.pom.test.POMTest" name="doRegister" time="0.591"/>
  <testcase classname="com.qc.pom.test.POMTest" name="doRegister" time="0.545"/>
  <testcase classname="com.qc.pom.test.POMTest" name="doRegister" time="0.547"/>
  <testcase classname="com.qc.pom.test.POMTest" name="doRegister" time="0.619"/>
</testsuite> <!-- Default test -->
