<?xml version="1.0" encoding="UTF-8"?>
<!-- Generated by org.testng.reporters.JUnitXMLReporter -->
<testsuite ignored="0" hostname="DESKTOP-0BC8ILQ" failures="0" tests="13" name="Test" time="8.745" errors="0" timestamp="2022-09-29T20:10:32 IST">
  <testcase classname="com.qc.pom.test.POMTest" name="doLogin" time="0.619"/>
  <testcase classname="com.qc.pom.test.POMTest" name="doLogin" time="0.414"/>
  <testcase classname="com.qc.pom.test.POMTest" name="doLogin" time="0.429"/>
  <testcase classname="com.qc.pom.test.POMTest" name="doLogin" time="0.421"/>
  <testcase classname="com.qc.pom.test.POMTest" name="doLogin" time="0.411"/>
  <testcase classname="com.qc.pom.test.POMTest" name="doLogin" time="0.348"/>
  <testcase classname="com.qc.pom.test.POMTest" name="doLogin" time="1.439"/>
  <testcase classname="com.qc.pom.test.POMTest" name="doRegister" time="0.92"/>
  <testcase classname="com.qc.pom.test.POMTest" name="doRegister" time="0.577"/>
  <testcase classname="com.qc.pom.test.POMTest" name="doRegister" time="0.617"/>
  <testcase classname="com.qc.pom.test.POMTest" name="doRegister" time="0.559"/>
  <testcase classname="com.qc.pom.test.POMTest" name="doRegister" time="0.577"/>
  <testcase classname="com.qc.pom.test.POMTest" name="doRegister" time="0.698"/>
</testsuite> <!-- Test -->
